[36m[2024-11-26 08:36:30 DEBUG] [__init__:101][39m ###############################################################################
[36m[2024-11-26 08:36:30 DEBUG] [__init__:102][39m Running command 'run'
[36m[2024-11-26 08:36:30 DEBUG] [__init__:106][39m Using settings file '/root/.chaostoolkit/settings.yaml'
[36m[2024-11-26 08:36:30 DEBUG] [settings:31][39m The Chaos Toolkit settings file could not be found at '/root/.chaostoolkit/settings.yaml'.
[36m[2024-11-26 08:36:30 DEBUG] [__init__:472][39m No controls to apply on 'loader'
[36m[2024-11-26 08:36:30 DEBUG] [__init__:472][39m No controls to apply on 'loader'
[31m[2024-11-26 08:36:30 ERROR] [run:178][39m Path "/chaos-postgress/terminate.yaml" does not exist.
[36m[2024-11-26 08:36:30 DEBUG] [run:179][39m Path "/chaos-postgress/terminate.yaml" does not exist.
[36m[2024-11-26 08:37:11 DEBUG] [__init__:101][39m ###############################################################################
[36m[2024-11-26 08:37:11 DEBUG] [__init__:102][39m Running command 'run'
[36m[2024-11-26 08:37:11 DEBUG] [__init__:106][39m Using settings file '/root/.chaostoolkit/settings.yaml'
[36m[2024-11-26 08:37:11 DEBUG] [settings:31][39m The Chaos Toolkit settings file could not be found at '/root/.chaostoolkit/settings.yaml'.
[36m[2024-11-26 08:37:11 DEBUG] [__init__:472][39m No controls to apply on 'loader'
[36m[2024-11-26 08:37:11 DEBUG] [__init__:472][39m No controls to apply on 'loader'
[36m[2024-11-26 08:37:11 DEBUG] [caching:24][39m Building activity cache...
[36m[2024-11-26 08:37:11 DEBUG] [caching:35][39m Cached 2 activities
[32m[2024-11-26 08:37:11 INFO] [experiment:59][39m Validating the experiment's syntax
[36m[2024-11-26 08:37:11 DEBUG] [configuration:64][39m Loading configuration...
[36m[2024-11-26 08:37:11 DEBUG] [secret:79][39m Loading secrets...
[36m[2024-11-26 08:37:11 DEBUG] [secret:104][39m Done loading secrets
[36m[2024-11-26 08:37:11 DEBUG] [caching:42][39m Clearing activities cache
[31m[2024-11-26 08:37:11 ERROR] [run:188][39m could not find Python module 'chaosk8s.pod.actions' in activity 'delay'
[36m[2024-11-26 08:37:11 DEBUG] [run:189][39m could not find Python module 'chaosk8s.pod.actions' in activity 'delay'
[36m[2024-11-26 08:39:17 DEBUG] [__init__:101][39m ###############################################################################
[36m[2024-11-26 08:39:17 DEBUG] [__init__:102][39m Running command 'run'
[36m[2024-11-26 08:39:17 DEBUG] [__init__:106][39m Using settings file '/root/.chaostoolkit/settings.yaml'
[36m[2024-11-26 08:39:17 DEBUG] [settings:31][39m The Chaos Toolkit settings file could not be found at '/root/.chaostoolkit/settings.yaml'.
[36m[2024-11-26 08:39:17 DEBUG] [__init__:472][39m No controls to apply on 'loader'
[36m[2024-11-26 08:39:17 DEBUG] [__init__:472][39m No controls to apply on 'loader'
[36m[2024-11-26 08:39:17 DEBUG] [caching:24][39m Building activity cache...
[36m[2024-11-26 08:39:17 DEBUG] [caching:35][39m Cached 2 activities
[32m[2024-11-26 08:39:17 INFO] [experiment:59][39m Validating the experiment's syntax
[36m[2024-11-26 08:39:17 DEBUG] [configuration:64][39m Loading configuration...
[36m[2024-11-26 08:39:17 DEBUG] [secret:79][39m Loading secrets...
[36m[2024-11-26 08:39:17 DEBUG] [secret:104][39m Done loading secrets
[36m[2024-11-26 08:39:20 DEBUG] [caching:42][39m Clearing activities cache
[31m[2024-11-26 08:39:20 ERROR] [run:188][39m The python module 'chaosk8s.pod.actions' does not expose a function called 'add_abort_fault' in action 'delay'
[36m[2024-11-26 08:39:20 DEBUG] [run:189][39m The python module 'chaosk8s.pod.actions' does not expose a function called 'add_abort_fault' in action 'delay'
[36m[2024-11-26 08:43:42 DEBUG] [__init__:101][39m ###############################################################################
[36m[2024-11-26 08:43:42 DEBUG] [__init__:102][39m Running command 'run'
[36m[2024-11-26 08:43:42 DEBUG] [__init__:106][39m Using settings file '/root/.chaostoolkit/settings.yaml'
[36m[2024-11-26 08:43:42 DEBUG] [settings:31][39m The Chaos Toolkit settings file could not be found at '/root/.chaostoolkit/settings.yaml'.
[36m[2024-11-26 08:43:42 DEBUG] [__init__:472][39m No controls to apply on 'loader'
[36m[2024-11-26 08:43:42 DEBUG] [__init__:472][39m No controls to apply on 'loader'
[36m[2024-11-26 08:43:42 DEBUG] [caching:24][39m Building activity cache...
[36m[2024-11-26 08:43:42 DEBUG] [caching:35][39m Cached 2 activities
[32m[2024-11-26 08:43:42 INFO] [experiment:59][39m Validating the experiment's syntax
[36m[2024-11-26 08:43:42 DEBUG] [configuration:64][39m Loading configuration...
[36m[2024-11-26 08:43:42 DEBUG] [secret:79][39m Loading secrets...
[36m[2024-11-26 08:43:42 DEBUG] [secret:104][39m Done loading secrets
[36m[2024-11-26 08:43:43 DEBUG] [caching:42][39m Clearing activities cache
[31m[2024-11-26 08:43:43 ERROR] [run:188][39m The python module 'chaosk8s.pod.actions' does not expose a function called 'terminate_pod' in action 'delay'
[36m[2024-11-26 08:43:43 DEBUG] [run:189][39m The python module 'chaosk8s.pod.actions' does not expose a function called 'terminate_pod' in action 'delay'
[36m[2024-11-26 08:45:32 DEBUG] [__init__:101][39m ###############################################################################
[36m[2024-11-26 08:45:32 DEBUG] [__init__:102][39m Running command 'run'
[36m[2024-11-26 08:45:32 DEBUG] [__init__:106][39m Using settings file '/root/.chaostoolkit/settings.yaml'
[36m[2024-11-26 08:45:32 DEBUG] [settings:31][39m The Chaos Toolkit settings file could not be found at '/root/.chaostoolkit/settings.yaml'.
[36m[2024-11-26 08:45:32 DEBUG] [__init__:472][39m No controls to apply on 'loader'
[36m[2024-11-26 08:45:32 DEBUG] [__init__:472][39m No controls to apply on 'loader'
[36m[2024-11-26 08:45:32 DEBUG] [caching:24][39m Building activity cache...
[36m[2024-11-26 08:45:32 DEBUG] [caching:35][39m Cached 2 activities
[32m[2024-11-26 08:45:32 INFO] [experiment:59][39m Validating the experiment's syntax
[36m[2024-11-26 08:45:32 DEBUG] [configuration:64][39m Loading configuration...
[36m[2024-11-26 08:45:32 DEBUG] [secret:79][39m Loading secrets...
[36m[2024-11-26 08:45:32 DEBUG] [secret:104][39m Done loading secrets
[36m[2024-11-26 08:45:33 DEBUG] [caching:42][39m Clearing activities cache
[31m[2024-11-26 08:45:33 ERROR] [run:188][39m The python module 'chaosk8s.pod.actions' does not expose a function called 'add_abort_fault' in action 'delay'
[36m[2024-11-26 08:45:33 DEBUG] [run:189][39m The python module 'chaosk8s.pod.actions' does not expose a function called 'add_abort_fault' in action 'delay'
[36m[2024-11-26 08:46:10 DEBUG] [__init__:101][39m ###############################################################################
[36m[2024-11-26 08:46:10 DEBUG] [__init__:102][39m Running command 'run'
[36m[2024-11-26 08:46:10 DEBUG] [__init__:106][39m Using settings file '/root/.chaostoolkit/settings.yaml'
[36m[2024-11-26 08:46:10 DEBUG] [settings:31][39m The Chaos Toolkit settings file could not be found at '/root/.chaostoolkit/settings.yaml'.
[36m[2024-11-26 08:46:10 DEBUG] [__init__:472][39m No controls to apply on 'loader'
[36m[2024-11-26 08:46:10 DEBUG] [__init__:472][39m No controls to apply on 'loader'
[36m[2024-11-26 08:46:10 DEBUG] [caching:24][39m Building activity cache...
[36m[2024-11-26 08:46:10 DEBUG] [caching:35][39m Cached 2 activities
[32m[2024-11-26 08:46:10 INFO] [experiment:59][39m Validating the experiment's syntax
[36m[2024-11-26 08:46:10 DEBUG] [configuration:64][39m Loading configuration...
[36m[2024-11-26 08:46:10 DEBUG] [secret:79][39m Loading secrets...
[36m[2024-11-26 08:46:10 DEBUG] [secret:104][39m Done loading secrets
[36m[2024-11-26 08:46:11 DEBUG] [caching:42][39m Clearing activities cache
[31m[2024-11-26 08:46:11 ERROR] [run:188][39m argument 'fixed_delay' is not part of the function signature in activity 'terminate_pods'
[36m[2024-11-26 08:46:11 DEBUG] [run:189][39m argument 'fixed_delay' is not part of the function signature in activity 'terminate_pods'
[36m[2024-11-26 12:56:36 DEBUG] [__init__:101][39m ###############################################################################
[36m[2024-11-26 12:56:36 DEBUG] [__init__:102][39m Running command 'run'
[36m[2024-11-26 12:56:36 DEBUG] [__init__:106][39m Using settings file '/root/.chaostoolkit/settings.yaml'
[36m[2024-11-26 12:56:37 DEBUG] [settings:31][39m The Chaos Toolkit settings file could not be found at '/root/.chaostoolkit/settings.yaml'.
[36m[2024-11-26 12:56:37 DEBUG] [__init__:472][39m No controls to apply on 'loader'
[36m[2024-11-26 12:56:37 DEBUG] [__init__:472][39m No controls to apply on 'loader'
[36m[2024-11-26 12:56:37 DEBUG] [caching:24][39m Building activity cache...
[36m[2024-11-26 12:56:37 DEBUG] [caching:35][39m Cached 2 activities
[32m[2024-11-26 12:56:37 INFO] [experiment:59][39m Validating the experiment's syntax
[36m[2024-11-26 12:56:37 DEBUG] [configuration:64][39m Loading configuration...
[36m[2024-11-26 12:56:37 DEBUG] [secret:79][39m Loading secrets...
[36m[2024-11-26 12:56:37 DEBUG] [secret:104][39m Done loading secrets
[36m[2024-11-26 12:56:39 DEBUG] [caching:42][39m Clearing activities cache
[36m[2024-11-26 12:58:12 DEBUG] [__init__:101][39m ###############################################################################
[36m[2024-11-26 12:58:12 DEBUG] [__init__:102][39m Running command 'run'
[36m[2024-11-26 12:58:12 DEBUG] [__init__:106][39m Using settings file '/root/.chaostoolkit/settings.yaml'
[36m[2024-11-26 12:58:12 DEBUG] [settings:31][39m The Chaos Toolkit settings file could not be found at '/root/.chaostoolkit/settings.yaml'.
[36m[2024-11-26 12:58:12 DEBUG] [__init__:472][39m No controls to apply on 'loader'
[36m[2024-11-26 12:58:12 DEBUG] [__init__:472][39m No controls to apply on 'loader'
[36m[2024-11-26 12:58:12 DEBUG] [caching:24][39m Building activity cache...
[36m[2024-11-26 12:58:12 DEBUG] [caching:35][39m Cached 2 activities
[32m[2024-11-26 12:58:12 INFO] [experiment:59][39m Validating the experiment's syntax
[36m[2024-11-26 12:58:12 DEBUG] [configuration:64][39m Loading configuration...
[36m[2024-11-26 12:58:12 DEBUG] [secret:79][39m Loading secrets...
[36m[2024-11-26 12:58:12 DEBUG] [secret:104][39m Done loading secrets
[36m[2024-11-26 12:58:15 DEBUG] [caching:42][39m Clearing activities cache
[36m[2024-11-26 13:00:04 DEBUG] [__init__:101][39m ###############################################################################
[36m[2024-11-26 13:00:04 DEBUG] [__init__:102][39m Running command 'validate'
[36m[2024-11-26 13:00:04 DEBUG] [__init__:106][39m Using settings file '/root/.chaostoolkit/settings.yaml'
[36m[2024-11-26 13:00:04 DEBUG] [settings:31][39m The Chaos Toolkit settings file could not be found at '/root/.chaostoolkit/settings.yaml'.
[36m[2024-11-26 13:00:04 DEBUG] [__init__:472][39m No controls to apply on 'loader'
[36m[2024-11-26 13:00:04 DEBUG] [__init__:472][39m No controls to apply on 'loader'
[36m[2024-11-26 13:00:04 DEBUG] [caching:24][39m Building activity cache...
[36m[2024-11-26 13:00:04 DEBUG] [caching:35][39m Cached 2 activities
[32m[2024-11-26 13:00:04 INFO] [experiment:59][39m Validating the experiment's syntax
[36m[2024-11-26 13:00:04 DEBUG] [configuration:64][39m Loading configuration...
[36m[2024-11-26 13:00:04 DEBUG] [secret:79][39m Loading secrets...
[36m[2024-11-26 13:00:04 DEBUG] [secret:104][39m Done loading secrets
[36m[2024-11-26 13:00:08 DEBUG] [caching:42][39m Clearing activities cache
[36m[2024-11-26 13:01:44 DEBUG] [__init__:101][39m ###############################################################################
[36m[2024-11-26 13:01:44 DEBUG] [__init__:102][39m Running command 'run'
[36m[2024-11-26 13:01:44 DEBUG] [__init__:106][39m Using settings file '/root/.chaostoolkit/settings.yaml'
[36m[2024-11-26 13:01:45 DEBUG] [settings:31][39m The Chaos Toolkit settings file could not be found at '/root/.chaostoolkit/settings.yaml'.
[36m[2024-11-26 13:01:45 DEBUG] [__init__:472][39m No controls to apply on 'loader'
[36m[2024-11-26 13:01:45 DEBUG] [__init__:472][39m No controls to apply on 'loader'
[36m[2024-11-26 13:01:45 DEBUG] [caching:24][39m Building activity cache...
[36m[2024-11-26 13:01:45 DEBUG] [caching:35][39m Cached 2 activities
[32m[2024-11-26 13:01:45 INFO] [experiment:59][39m Validating the experiment's syntax
[36m[2024-11-26 13:01:45 DEBUG] [configuration:64][39m Loading configuration...
[36m[2024-11-26 13:01:45 DEBUG] [secret:79][39m Loading secrets...
[36m[2024-11-26 13:01:45 DEBUG] [secret:104][39m Done loading secrets
[36m[2024-11-26 13:01:47 DEBUG] [caching:42][39m Clearing activities cache
[36m[2024-11-26 13:04:01 DEBUG] [__init__:101][39m ###############################################################################
[36m[2024-11-26 13:04:01 DEBUG] [__init__:102][39m Running command 'run'
[36m[2024-11-26 13:04:01 DEBUG] [__init__:106][39m Using settings file '/root/.chaostoolkit/settings.yaml'
[36m[2024-11-26 13:04:01 DEBUG] [settings:31][39m The Chaos Toolkit settings file could not be found at '/root/.chaostoolkit/settings.yaml'.
[36m[2024-11-26 13:04:01 DEBUG] [__init__:472][39m No controls to apply on 'loader'
[36m[2024-11-26 13:04:01 DEBUG] [__init__:472][39m No controls to apply on 'loader'
[36m[2024-11-26 13:04:01 DEBUG] [caching:24][39m Building activity cache...
[36m[2024-11-26 13:04:01 DEBUG] [caching:35][39m Cached 2 activities
[32m[2024-11-26 13:04:01 INFO] [experiment:59][39m Validating the experiment's syntax
[36m[2024-11-26 13:04:01 DEBUG] [configuration:64][39m Loading configuration...
[36m[2024-11-26 13:04:01 DEBUG] [secret:79][39m Loading secrets...
[36m[2024-11-26 13:04:01 DEBUG] [secret:104][39m Done loading secrets
[36m[2024-11-26 13:04:05 DEBUG] [caching:42][39m Clearing activities cache
[36m[2024-11-26 13:12:15 DEBUG] [__init__:101][39m ###############################################################################
[36m[2024-11-26 13:12:15 DEBUG] [__init__:102][39m Running command 'run'
[36m[2024-11-26 13:12:15 DEBUG] [__init__:106][39m Using settings file '/root/.chaostoolkit/settings.yaml'
[36m[2024-11-26 13:12:39 DEBUG] [__init__:101][39m ###############################################################################
[36m[2024-11-26 13:12:39 DEBUG] [__init__:102][39m Running command 'run'
[36m[2024-11-26 13:12:39 DEBUG] [__init__:106][39m Using settings file '/root/.chaostoolkit/settings.yaml'
[36m[2024-11-27 07:37:13 DEBUG] [__init__:101][39m ###############################################################################
[36m[2024-11-27 07:37:13 DEBUG] [__init__:102][39m Running command 'run'
[36m[2024-11-27 07:37:13 DEBUG] [__init__:106][39m Using settings file '/root/.chaostoolkit/settings.yaml'
[36m[2024-11-27 07:37:13 DEBUG] [settings:31][39m The Chaos Toolkit settings file could not be found at '/root/.chaostoolkit/settings.yaml'.
[36m[2024-11-27 07:37:13 DEBUG] [__init__:472][39m No controls to apply on 'loader'
[36m[2024-11-27 07:37:13 DEBUG] [__init__:472][39m No controls to apply on 'loader'
[31m[2024-11-27 07:37:13 ERROR] [run:178][39m Path "t-app.yaml" does not exist.
[36m[2024-11-27 07:37:13 DEBUG] [run:179][39m Path "t-app.yaml" does not exist.
[36m[2024-12-17 09:09:50 DEBUG] [__init__:101][39m ###############################################################################
[36m[2024-12-17 09:09:50 DEBUG] [__init__:102][39m Running command 'run'
[36m[2024-12-17 09:09:50 DEBUG] [__init__:106][39m Using settings file '/root/.chaostoolkit/settings.yaml'
[36m[2024-12-17 09:09:50 DEBUG] [settings:31][39m The Chaos Toolkit settings file could not be found at '/root/.chaostoolkit/settings.yaml'.
[36m[2024-12-17 09:09:50 DEBUG] [__init__:472][39m No controls to apply on 'loader'
[36m[2024-12-17 09:09:50 DEBUG] [__init__:472][39m No controls to apply on 'loader'
[36m[2024-12-17 09:10:10 DEBUG] [__init__:101][39m ###############################################################################
[36m[2024-12-17 09:10:10 DEBUG] [__init__:102][39m Running command 'run'
[36m[2024-12-17 09:10:10 DEBUG] [__init__:106][39m Using settings file '/root/.chaostoolkit/settings.yaml'
[36m[2024-12-17 09:10:21 DEBUG] [__init__:101][39m ###############################################################################
[36m[2024-12-17 09:10:21 DEBUG] [__init__:102][39m Running command 'run'
[36m[2024-12-17 09:10:21 DEBUG] [__init__:106][39m Using settings file '/root/.chaostoolkit/settings.yaml'
[36m[2024-12-17 09:10:52 DEBUG] [__init__:101][39m ###############################################################################
[36m[2024-12-17 09:10:52 DEBUG] [__init__:102][39m Running command 'run'
[36m[2024-12-17 09:10:52 DEBUG] [__init__:106][39m Using settings file '/root/.chaostoolkit/settings.yaml'
[36m[2024-12-17 09:11:22 DEBUG] [__init__:101][39m ###############################################################################
[36m[2024-12-17 09:11:22 DEBUG] [__init__:102][39m Running command 'run'
[36m[2024-12-17 09:11:22 DEBUG] [__init__:106][39m Using settings file '/root/.chaostoolkit/settings.yaml'
